[debug] > Exec(early(addDefaultCommands), None, None)
[debug] > Exec(addDefaultCommands, None, None)
[debug] > Exec(early(initialize), None, None)
[debug] > Exec(initialize, None, None)
[debug] > Exec(early(addPluginSbtFile="""C:\Users\Helen\AppData\Local\Temp\idea.sbt"""), None, None)
[debug] > Exec(addPluginSbtFile="""C:\Users\Helen\AppData\Local\Temp\idea.sbt""", None, None)
[debug] > Exec(boot, None, None)
[debug] > Exec(writeSbtVersion, None, None)
[debug] > Exec(reload, None, None)
[debug] > Exec(sbtStashOnFailure, None, None)
[debug] > Exec(onFailure loadFailed, None, None)
[debug] > Exec(loadp, None, None)
[info] welcome to sbt 1.10.6 (Oracle Corporation Java 1.8.0_202)
[debug] Load.defaultLoad until apply took 150.5015ms
[debug]           Load.loadUnit: plugins took 50.8621ms
[debug]           Load.loadUnit: defsScala took 0.5171ms
[debug] [Loading] Scanning directory C:\Users\Helen\IdeaProjects\untitled1\project
[debug]             Load.loadUnit: mkEval took 5.3351ms
[debug] [Loading] Found non-root projects 
[debug] [Loading] Done in C:\Users\Helen\IdeaProjects\untitled1\project, returning: ()
[debug] deducing auto plugins based on known facts Set(Atom(sbt.plugins.CorePlugin)) and clauses Clauses(Clause(Atom(sbt.plugins.JvmPlugin),Set(Atom(sbt.plugins.IvyPlugin)))
[debug] Clause(Atom(sbt.ScriptedPlugin),Set(Atom(sbt.plugins.JvmPlugin)))
[debug] Clause(Atom(sbt.plugins.SbtPlugin),Set(Atom(sbt.ScriptedPlugin)))
[debug] Clause(Atom(sbt.plugins.SemanticdbPlugin),Set(Atom(sbt.plugins.JvmPlugin)))
[debug] Clause(Atom(sbt.plugins.JUnitXmlReportPlugin),Set(Atom(sbt.plugins.JvmPlugin)))
[debug] Clause(Atom(sbt.plugins.MiniDependencyTreePlugin),Set(Atom(sbt.plugins.JvmPlugin)))
[debug] Clause(Atom(sbt.plugins.CorePlugin),Set(Atom(sbt.plugins.IvyPlugin)))
[debug] Clause(Atom(sbt.plugins.IvyPlugin),Set(Atom(sbt.plugins.JvmPlugin)))
[debug] Clause(Atom(sbt.plugins.JvmPlugin),Set(Atom(sbt.plugins.SemanticdbPlugin)))
[debug] Clause(Atom(sbt.plugins.JvmPlugin),Set(Atom(sbt.plugins.JUnitXmlReportPlugin)))
[debug] Clause(Atom(sbt.plugins.CorePlugin),Set(Atom(sbt.plugins.Giter8TemplatePlugin)))
[debug] Clause(Atom(sbt.plugins.JvmPlugin),Set(Atom(sbt.plugins.MiniDependencyTreePlugin))))
[debug]   :: deduced result: Matched(sbt.plugins.CorePlugin,sbt.plugins.Giter8TemplatePlugin,sbt.plugins.IvyPlugin,sbt.plugins.JvmPlugin,sbt.plugins.MiniDependencyTreePlugin,sbt.plugins.JUnitXmlReportPlugin,sbt.plugins.SemanticdbPlugin)
[debug] Plugins.deducer#function took 12.8785 ms
[info] loading settings for project untitled1-build from idea.sbt...
[debug]               Load.resolveProject(untitled1-build) took 39.3273ms
[debug]             Load.loadTransitive: finalizeProject(Project(id untitled1-build, base: C:\Users\Helen\IdeaProjects\untitled1\project, plugins: List(<none>))) took 70.6873ms
[debug] [Loading] Done in C:\Users\Helen\IdeaProjects\untitled1\project, returning: (untitled1-build)
[debug]           Load.loadUnit: loadedProjectsRaw took 275.0131ms
[debug]           Load.loadUnit: cleanEvalClasses took 8.7799ms
[debug]         Load.loadUnit(file:/C:/Users/Helen/IdeaProjects/untitled1/project/, ...) took 339.6127ms
[debug]       Load.apply: load took 448.6232ms
[debug]       Load.apply: resolveProjects took 4.2774ms
[debug]       Load.apply: finalTransforms took 41.6077ms
[debug]       Load.apply: config.delegates took 6.7195ms
[debug]       Load.apply: Def.make(settings)... took 240.8704ms
[debug]       Load.apply: structureIndex took 62.2394ms
[debug]       Load.apply: mkStreams took 1.6883ms
[info] loading project definition from C:\Users\Helen\IdeaProjects\untitled1\project
[debug] Running task... Cancel: Signal, check cycles: false, forcegc: true
[debug]     Load.loadUnit: plugins took 2280.491ms
[debug]     Load.loadUnit: defsScala took 0.0032ms
[debug] [Loading] Scanning directory C:\Users\Helen\IdeaProjects\untitled1
[debug]       Load.loadUnit: mkEval took 0.2343ms
[debug] [Loading] Found root project root w/ remaining 
[debug] deducing auto plugins based on known facts Set(Atom(sbt.plugins.CorePlugin)) and clauses Clauses(Clause(Atom(sbt.plugins.JvmPlugin),Set(Atom(sbt.plugins.IvyPlugin)))
[debug] Clause(Atom(sbt.ScriptedPlugin),Set(Atom(sbt.plugins.JvmPlugin)))
[debug] Clause(Atom(sbt.plugins.SbtPlugin),Set(Atom(sbt.ScriptedPlugin)))
[debug] Clause(Atom(sbt.plugins.SemanticdbPlugin),Set(Atom(sbt.plugins.JvmPlugin)))
[debug] Clause(Atom(sbt.plugins.JUnitXmlReportPlugin),Set(Atom(sbt.plugins.JvmPlugin)))
[debug] Clause(Atom(sbt.plugins.MiniDependencyTreePlugin),Set(Atom(sbt.plugins.JvmPlugin)))
[debug] Clause(Atom(org.jetbrains.sbt.StructurePlugin),Set(Atom(sbt.plugins.JvmPlugin)))
[debug] Clause(Atom(org.jetbrains.sbt.IdeaShellPlugin),Set(Atom(sbt.plugins.JvmPlugin)))
[debug] Clause(Atom(sbt.plugins.CorePlugin),Set(Atom(sbt.plugins.IvyPlugin)))
[debug] Clause(Atom(sbt.plugins.IvyPlugin),Set(Atom(sbt.plugins.JvmPlugin)))
[debug] Clause(Atom(sbt.plugins.JvmPlugin),Set(Atom(sbt.plugins.SemanticdbPlugin)))
[debug] Clause(Atom(sbt.plugins.JvmPlugin),Set(Atom(sbt.plugins.JUnitXmlReportPlugin)))
[debug] Clause(Atom(sbt.plugins.CorePlugin),Set(Atom(sbt.plugins.Giter8TemplatePlugin)))
[debug] Clause(Atom(sbt.plugins.JvmPlugin),Set(Atom(sbt.plugins.MiniDependencyTreePlugin)))
[debug] Clause(Atom(sbt.plugins.JvmPlugin),Set(Atom(org.jetbrains.sbt.StructurePlugin)))
[debug] Clause(Atom(sbt.plugins.JvmPlugin),Set(Atom(org.jetbrains.sbt.IdeaShellPlugin))))
[debug]   :: deduced result: Matched(sbt.plugins.CorePlugin,sbt.plugins.Giter8TemplatePlugin,sbt.plugins.IvyPlugin,sbt.plugins.JvmPlugin,sbt.plugins.SemanticdbPlugin,sbt.plugins.JUnitXmlReportPlugin,org.jetbrains.sbt.IdeaShellPlugin,org.jetbrains.sbt.StructurePlugin,sbt.plugins.MiniDependencyTreePlugin)
[debug] Plugins.deducer#function took 2.0291 ms
[info] loading settings for project root from build.sbt...
[debug]         Load.resolveProject(root) took 20.6915ms
[debug]       Load.loadTransitive: finalizeProject(Project(id root, base: C:\Users\Helen\IdeaProjects\untitled1, plugins: List(<none>))) took 23.7587ms
[debug] [Loading] Done in C:\Users\Helen\IdeaProjects\untitled1, returning: (root)
[debug]     Load.loadUnit: loadedProjectsRaw took 2261.1787ms
[debug]     Load.loadUnit: cleanEvalClasses took 6.6926ms
[debug]   Load.loadUnit(file:/C:/Users/Helen/IdeaProjects/untitled1/, ...) took 4549.5776ms
[debug] Load.apply: load took 4561.7901ms
[debug] Load.apply: resolveProjects took 0.1517ms
[debug] Load.apply: finalTransforms took 21.2756ms
[debug] Load.apply: config.delegates took 0.3321ms
[debug] Load.apply: Def.make(settings)... took 62.8216ms
[debug] Load.apply: structureIndex took 17.8009ms
[debug] Load.apply: mkStreams took 0.0047ms
[info] set current project to untitled1 (in build file:/C:/Users/Helen/IdeaProjects/untitled1/)
[debug] > Exec(sbtPopOnFailure, None, None)
[debug] > Exec(resumeFromFailure, None, None)
[debug] > Exec(notifyUsersAboutShell, None, None)
[debug] > Exec(iflast shell, None, None)
[debug] > Exec(idea-shell, None, None)
