[debug] > Exec(early(addDefaultCommands), None, None)
[debug] > Exec(addDefaultCommands, None, None)
[debug] > Exec(early(initialize), None, None)
[debug] > Exec(initialize, None, None)
[debug] > Exec(early(addPluginSbtFile="""C:\Users\Helen\AppData\Local\Temp\idea.sbt"""), None, None)
[debug] > Exec(addPluginSbtFile="""C:\Users\Helen\AppData\Local\Temp\idea.sbt""", None, None)
[debug] > Exec(boot, None, None)
[debug] > Exec(writeSbtVersion, None, None)
[debug] > Exec(reload, None, None)
[debug] > Exec(sbtStashOnFailure, None, None)
[debug] > Exec(onFailure loadFailed, None, None)
[debug] > Exec(loadp, None, None)
[info] welcome to sbt 1.10.6 (Oracle Corporation Java 1.8.0_202)
[debug] Load.defaultLoad until apply took 82.922ms
[debug]           Load.loadUnit: plugins took 75.976ms
[debug]           Load.loadUnit: defsScala took 0.2292ms
[debug] [Loading] Scanning directory C:\Users\Helen\IdeaProjects\untitled1\project
[debug]             Load.loadUnit: mkEval took 6.0841ms
[debug] [Loading] Found non-root projects 
[debug] [Loading] Done in C:\Users\Helen\IdeaProjects\untitled1\project, returning: ()
[debug] deducing auto plugins based on known facts Set(Atom(sbt.plugins.CorePlugin)) and clauses Clauses(Clause(Atom(sbt.plugins.JvmPlugin),Set(Atom(sbt.plugins.IvyPlugin)))
[debug] Clause(Atom(sbt.ScriptedPlugin),Set(Atom(sbt.plugins.JvmPlugin)))
[debug] Clause(Atom(sbt.plugins.SbtPlugin),Set(Atom(sbt.ScriptedPlugin)))
[debug] Clause(Atom(sbt.plugins.SemanticdbPlugin),Set(Atom(sbt.plugins.JvmPlugin)))
[debug] Clause(Atom(sbt.plugins.JUnitXmlReportPlugin),Set(Atom(sbt.plugins.JvmPlugin)))
[debug] Clause(Atom(sbt.plugins.MiniDependencyTreePlugin),Set(Atom(sbt.plugins.JvmPlugin)))
[debug] Clause(Atom(sbt.plugins.CorePlugin),Set(Atom(sbt.plugins.IvyPlugin)))
[debug] Clause(Atom(sbt.plugins.IvyPlugin),Set(Atom(sbt.plugins.JvmPlugin)))
[debug] Clause(Atom(sbt.plugins.JvmPlugin),Set(Atom(sbt.plugins.SemanticdbPlugin)))
[debug] Clause(Atom(sbt.plugins.JvmPlugin),Set(Atom(sbt.plugins.JUnitXmlReportPlugin)))
[debug] Clause(Atom(sbt.plugins.CorePlugin),Set(Atom(sbt.plugins.Giter8TemplatePlugin)))
[debug] Clause(Atom(sbt.plugins.JvmPlugin),Set(Atom(sbt.plugins.MiniDependencyTreePlugin))))
[debug]   :: deduced result: Matched(sbt.plugins.CorePlugin,sbt.plugins.Giter8TemplatePlugin,sbt.plugins.IvyPlugin,sbt.plugins.JvmPlugin,sbt.plugins.MiniDependencyTreePlugin,sbt.plugins.JUnitXmlReportPlugin,sbt.plugins.SemanticdbPlugin)
[debug] Plugins.deducer#function took 8.342 ms
[info] loading settings for project untitled1-build from idea.sbt...
[debug]               Load.resolveProject(untitled1-build) took 29.8068ms
[debug]             Load.loadTransitive: finalizeProject(Project(id untitled1-build, base: C:\Users\Helen\IdeaProjects\untitled1\project, plugins: List(<none>))) took 43.5839ms
[debug] [Loading] Done in C:\Users\Helen\IdeaProjects\untitled1\project, returning: (untitled1-build)
[debug]           Load.loadUnit: loadedProjectsRaw took 1800.1612ms
[debug]           Load.loadUnit: cleanEvalClasses took 3.63ms
[debug]         Load.loadUnit(file:/C:/Users/Helen/IdeaProjects/untitled1/project/, ...) took 1904.3163ms
[debug]       Load.apply: load took 1987.9153ms
[debug]       Load.apply: resolveProjects took 3.5313ms
[debug]       Load.apply: finalTransforms took 35.1434ms
[debug]       Load.apply: config.delegates took 5.0868ms
[debug]       Load.apply: Def.make(settings)... took 301.2134ms
[debug]       Load.apply: structureIndex took 51.5682ms
[debug]       Load.apply: mkStreams took 1.4196ms
[info] loading project definition from C:\Users\Helen\IdeaProjects\untitled1\project
[debug] Running task... Cancel: Signal, check cycles: false, forcegc: true
[debug]     Load.loadUnit: plugins took 3737.1968ms
[debug]     Load.loadUnit: defsScala took 0.0025ms
[debug] [Loading] Scanning directory C:\Users\Helen\IdeaProjects\untitled1
[debug]       Load.loadUnit: mkEval took 0.1692ms
[debug] [Loading] Found root project root w/ remaining 
[debug] deducing auto plugins based on known facts Set(Atom(sbt.plugins.CorePlugin)) and clauses Clauses(Clause(Atom(sbt.plugins.JvmPlugin),Set(Atom(sbt.plugins.IvyPlugin)))
[debug] Clause(Atom(sbt.ScriptedPlugin),Set(Atom(sbt.plugins.JvmPlugin)))
[debug] Clause(Atom(sbt.plugins.SbtPlugin),Set(Atom(sbt.ScriptedPlugin)))
[debug] Clause(Atom(sbt.plugins.SemanticdbPlugin),Set(Atom(sbt.plugins.JvmPlugin)))
[debug] Clause(Atom(sbt.plugins.JUnitXmlReportPlugin),Set(Atom(sbt.plugins.JvmPlugin)))
[debug] Clause(Atom(sbt.plugins.MiniDependencyTreePlugin),Set(Atom(sbt.plugins.JvmPlugin)))
[debug] Clause(Atom(org.jetbrains.sbt.StructurePlugin),Set(Atom(sbt.plugins.JvmPlugin)))
[debug] Clause(Atom(org.jetbrains.sbt.IdeaShellPlugin),Set(Atom(sbt.plugins.JvmPlugin)))
[debug] Clause(Atom(sbt.plugins.CorePlugin),Set(Atom(sbt.plugins.IvyPlugin)))
[debug] Clause(Atom(sbt.plugins.IvyPlugin),Set(Atom(sbt.plugins.JvmPlugin)))
[debug] Clause(Atom(sbt.plugins.JvmPlugin),Set(Atom(sbt.plugins.SemanticdbPlugin)))
[debug] Clause(Atom(sbt.plugins.JvmPlugin),Set(Atom(sbt.plugins.JUnitXmlReportPlugin)))
[debug] Clause(Atom(sbt.plugins.CorePlugin),Set(Atom(sbt.plugins.Giter8TemplatePlugin)))
[debug] Clause(Atom(sbt.plugins.JvmPlugin),Set(Atom(sbt.plugins.MiniDependencyTreePlugin)))
[debug] Clause(Atom(sbt.plugins.JvmPlugin),Set(Atom(org.jetbrains.sbt.StructurePlugin)))
[debug] Clause(Atom(sbt.plugins.JvmPlugin),Set(Atom(org.jetbrains.sbt.IdeaShellPlugin))))
[debug]   :: deduced result: Matched(sbt.plugins.CorePlugin,sbt.plugins.Giter8TemplatePlugin,sbt.plugins.IvyPlugin,sbt.plugins.JvmPlugin,sbt.plugins.SemanticdbPlugin,sbt.plugins.JUnitXmlReportPlugin,org.jetbrains.sbt.IdeaShellPlugin,org.jetbrains.sbt.StructurePlugin,sbt.plugins.MiniDependencyTreePlugin)
[debug] Plugins.deducer#function took 1.4617 ms
[info] loading settings for project root from build.sbt...
[debug]         Load.resolveProject(root) took 22.4986ms
[debug]       Load.loadTransitive: finalizeProject(Project(id root, base: C:\Users\Helen\IdeaProjects\untitled1, plugins: List(<none>))) took 25.4271ms
[debug] [Loading] Done in C:\Users\Helen\IdeaProjects\untitled1, returning: (root)
[debug]     Load.loadUnit: loadedProjectsRaw took 642.2907ms
[debug]     Load.loadUnit: cleanEvalClasses took 4.7215ms
[debug]   Load.loadUnit(file:/C:/Users/Helen/IdeaProjects/untitled1/, ...) took 4385.3835ms
[debug] Load.apply: load took 4401.9494ms
[debug] Load.apply: resolveProjects took 0.1205ms
[debug] Load.apply: finalTransforms took 17.9856ms
[debug] Load.apply: config.delegates took 0.3095ms
[debug] Load.apply: Def.make(settings)... took 46.1263ms
[debug] Load.apply: structureIndex took 18.4077ms
[debug] Load.apply: mkStreams took 0.0033ms
[info] set current project to untitled1 (in build file:/C:/Users/Helen/IdeaProjects/untitled1/)
[debug] > Exec(sbtPopOnFailure, None, None)
[debug] > Exec(resumeFromFailure, None, None)
[debug] > Exec(notifyUsersAboutShell, None, None)
[debug] > Exec(iflast shell, None, None)
[debug] > Exec(idea-shell, None, None)
